-1.042810460583975
-0.10114724398964756
-0.2836975870160797
0.21625025440527648
-1.4807508596732764
-0.012060743502396528
-0.825750201824125
-0.41289270187017824
-2.0034240773743064
-0.34194430461365916
0.9818615906268234
0.20170836680874357
2.3067858196990496
-0.10454927308672637
-2.393412502086801
1.1903766710179118
0.3852229450655759
-0.17112612120232953
1.4600539396887782
-1.3662807147943161
-0.7991225975886083
-0.6759028255383218
-0.5713907191994265
0.1055795708782416
-0.2047167154358925
1.0786116948257287
1.1307427393807552
-0.5498931296826307
0.9843736580900483
-1.0126683323814236
0.9202847966214727
0.694089785640437
1.6642710273785157
1.0699845214474524
-1.1277329237314204
0.2723531610007019
0.30256678214009897
1.1725733192529735
-1.8221968549732637
-0.6197999000013439
-0.3981718902291521
1.4866370986960342
-0.1459344284152954
2.2583395590531024
0.5655036819448371
1.2125364246568282
-1.6265992894973538
0.5615801586419621
0.4534300580874756
-0.425206844663231
-1.034064059402729
-0.4593531849019004
0.527852017055318
0.28121706859607254
-2.6293014955250587
-0.17153408997752376
0.600891617848031
1.2813967704720037
2.1132479220597182
-0.7159681241439656
-0.5838088542979845
-0.14817352539814885
-0.6130958596318632
-0.3227733204135888
1.231186266564421
0.33130313097899816
-0.3363604905045973
-1.9147685087699235
0.9703807086997441
-0.7547775264790556
0.48919628235415646
-1.1242238529705366
-1.0077775428888849
0.35953027952088573
-0.7818134590430086
0.2056539781474682
-0.13747188185678855
0.8376226890496548
0.34821543849067066
1.3649772174646477
-1.1314405260814742
-1.2433191868371245
0.40534711351286223
1.8652952356836963
0.38231017177269955
-0.2368510475508621
-0.03201501013625461
0.06354422027205062
-0.35152283397881123
-0.21574947965068314
0.7516280249221773
1.7798103938064351
-2.329793572930122
0.01347543428578945
-0.8979976947557617
0.09428908830071807
1.9599794002331068
-0.8186816073309606
2.505529998433962
-1.426829967141819
0.22061433616874743
2.203031949336823
1.2967090441022258
0.37543822501784224
-0.21616748450328274
2.051927863584297
1.653956018759007
-0.12642789083666658
-0.5270071340959547
0.7531322376434996
0.26511364411297106
1.6156724268649798
0.18185431338187838
1.8868153118505626
-0.986810062891157
-1.5774522632315586
-1.460557131338577
0.5429950551523547
1.713920041554283
1.773321004635506
-1.3488676582706618
-1.9091927043645684
-0.9209843847251767
0.09572287138397917
0.6924117311635559
1.0243294791626458
0.22098777859941884
0.7657904500163737
-1.512993319830378
0.10002445663735383
-0.8519991317566108
0.46361981439948824
-0.5198688816253589
-1.2316464991135676
-2.146428678487787
0.30779812045068267
0.3641220359443973
-0.04996315700353641
-0.9528084924711667
0.057621441697538085
-2.1451769294215817
1.039993236554
-0.18728201772394026
-1.3480006555505124
-2.240830422827178
0.12195442702174371
0.03105765289437701
-2.123534210068214
1.0742598985167051
-0.3228997296899154
0.7445080609297734
0.7936698010216672
1.3471492199071733
-0.15716133994911657
0.2619074634561187
-1.4607816927684283
2.1489108652239906
1.1082096319759915
1.178301392172936
0.6508914280366784
1.086437831236764
-0.04065810852750928
-2.568518831878309
-0.4953332460781704
-0.21735707432997495
-0.5179143821078697
0.865622752304529
-0.9787750615397024
1.2282623180466732
1.3616955206109171
-1.3510482294635853
0.3821377023945263
0.7774199009176332
-0.958049166266363
-0.5982972674184324
0.48008016526953146
0.3580342905605805
0.47938986284203666
-2.3814168121498995
1.53652722772315
0.005737466018300507
-0.46965576372453144
0.041620204099557315
-1.3352668936476295
-0.09734526924644812
-0.44109590951274835
-0.8483855558533815
0.6184302661253794
1.4041668444426452
0.5768495680435027
1.8934251311682406
0.730250952078728
-0.08639373643461853
