30.229605579019854
17.681345082645713
23.282361500578425
35.201183171080324
42.81012201575875
27.21768942742973
50.91811635530738
27.041323425352246
25.346538896035483
33.81650896727633
24.46045904679872
35.63554012467805
29.639350688462336
38.771955596315046
24.714214698036265
30.051742896412517
32.864378962413795
39.12932450300371
22.26975085114235
35.875165302352656
28.052564269610638
25.151849180538974
31.81451730394138
24.080651438734584
35.382627368710295
27.823991166668808
37.823301074273985
20.969302750192426
42.50303572437442
22.493965860826584
24.738328709690194
34.460049936118985
25.7915023013812
41.585673962943055
40.227426473201135
2.606043178497387
39.3195578355675
16.993035138334346
36.704565816544175
5.218826424423835
31.17366177674885
20.97228421660386
28.5089694675105
34.09692832870545
38.35928314535941
23.602118285294736
31.973040879834333
20.62611585928071
27.321655990102347
32.61215995240329
24.151195490766952
19.461008493631333
25.67062412471097
28.680386824087062
17.801896070466253
47.650301718679316
32.68313061295787
28.098738300846893
35.893756158151454
32.04524237649529
25.79852224114265
16.798479666875053
32.54300637879321
34.54336241259598
36.178449792736636
22.754497639411763
30.222161059552608
28.93061192237361
23.452197402696456
21.04925709376385
35.759187884708645
24.171624720929614
28.696587883627547
22.90049338077805
34.650068781791624
16.719295840271222
24.35875847512959
15.000283534660008
26.02241207557943
48.39315578885272
36.29451809105141
36.377201043121644
27.885996372393706
36.40310733782491
29.024027541444752
17.481813763457055
29.92658571483342
28.186648088234932
35.96491434273822
17.73701617770164
37.055788226598594
31.235552604700796
31.40189955795094
27.798972125460335
27.814359934056835
29.470928336679204
43.07740611306575
12.072743976047498
48.14018463202085
25.608885900532382
39.36673459983608
32.321598232834525
7.304389318039416
22.315986600702544
23.248247608916245
31.75481099212289
28.48595185507387
36.61069278824297
36.600429337202016
25.129801850254218
30.976145975823613
32.1700419296383
27.574063067345516
39.934214883944044
32.699889883182706
23.409696435206193
26.996785882022067
17.291007465535152
29.450382555920775
30.625409708365215
26.038135266850446
51.38441823911205
29.272132064895995
14.118648802883394
40.007242649826665
41.418254369860804
43.547985119384656
31.33466313586519
29.8852531342213
24.4045326292904
20.676061017480507
27.94724043040948
30.423503539601445
25.06065263894778
31.0234970124367
26.619878304736513
19.58085359139556
53.751413684262985
36.35414617395966
40.84764656519228
20.392519300296158
31.20096093357969
41.4174207704436
22.34649102705867
26.169871967786044
31.32243529500249
45.64791333178616
28.315039119556108
37.640701681950475
35.86773403669142
34.57624199552624
34.7355942495737
36.27924801068856
36.00698306346762
34.08168078555791
34.34297467621415
48.09256458149481
18.787303028474934
27.06844560957496
29.410537418856883
34.881583387696445
39.69293964420813
29.287617503311708
27.55556942127233
41.570019287725415
29.418384676724376
38.03923448778647
30.945433433090233
30.949591594797273
42.793989435564896
19.1687485979525
22.45041364619765
18.577651580961465
34.678682404165556
41.915147221650166
17.623769271722736
55.862611614127566
34.44368366212352
16.06458871801895
40.71686661517481
29.615608845591247
48.651751508506905
25.315738728939387
47.246077428258175
34.79657708975064
15.77877144716001
24.9922787484737
26.45810353290732
22.83841065467105
15.4961908160579
43.10976906247678
24.96500483398249
19.176595451820155
28.794166302531305
31.985865538300818
32.734207825150534
29.909777043927793
43.296798176915196
28.583964115169515
40.42182173892783
20.633972417536974
20.803258432302098
37.21536617872087
27.74065326820985
47.19716771415892
51.69506134817724
26.763261221130545
1.2840799112509629
23.580549193082177
22.352838052227607
37.98850717507564
24.133339900908197
36.39327755738816
35.6031579152247
32.729363792036274
15.954892286786697
11.640129437353856
33.97073124896314
16.540435759089974
31.29496018567742
28.030938403678334
40.26063029408769
26.926305274562154
35.2417539412062
26.46798685686202
25.328112645846815
26.50222681668646
37.37387938480454
30.616885080102225
17.90461277719494
29.57025664917017
11.556036628146092
19.54574795812551
41.55218533747109
25.426328950461098
38.168946818325125
33.81108349798706
20.304308564588727
24.305193550443626
22.95395047095403
30.76089613856778
30.588043140501963
19.630146021641036
29.44665390407747
27.4007429624279
37.391700943485006
36.7823350225287
42.30615810168013
23.517008198946634
30.92048845357444
24.217716189799653
44.187517244594744
26.286931739544258
21.05704495313087
17.71649647584077
26.85701093731135
49.02386840654845
16.754758248957394
19.219249103679203
27.06189573341598
21.617324329187824
40.86172770482623
26.655558654164565
21.35751008511083
20.118934012463985
44.623560655801214
26.7820927633948
30.797911956653444
26.28886028859826
35.846958183567686
33.268180465187015
41.29797913847136
33.23657732722327
34.341513541891196
35.625214361815914
28.611853590500445
17.148064269244536
43.48541699083661
18.46252187335225
21.805696056181198
16.93408935002756
37.31192316875513
24.300928222059852
22.543887804351108
30.40262323294588
15.529218318554342
33.69512546101368
37.30825319358188
37.878426143470065
36.1688041211682
44.47901124344222
26.61930390189403
27.69567771212144
32.995190545522256
34.93006757935259
29.560402031053652
17.77557841626052
40.83403554204088
18.72963693141632
36.906049911987004
34.481077162180995
40.19115995170889
33.64940010880062
10.49685331520218
18.119107007146283
43.98367712653081
42.072115950268895
18.9494051338735
19.043320267562912
22.30935573741224
31.12141692777498
20.984754963296076
30.994639071622323
41.6812596330035
53.19179118338965
30.542217463420304
10.715535656068795
5.675084276913573
33.253864159633984
36.61293366782961
38.086410163823444
24.873138697991592
19.901237649985628
11.335545294328487
32.877173935231035
23.062773895330636
11.779001674242963
22.750328471535408
27.107198750130387
14.465464893441748
15.004783037375251
39.97100353932965
33.98155215552857
31.43477243112357
37.43345141113829
26.106515671174616
19.08835747584716
34.37598493328337
38.84379618969632
18.153313389571224
35.40044522866871
45.04085804436535
28.768453468212883
34.78358805037175
21.730840754138168
20.418926604794443
28.101324661886586
48.1727050905817
29.72284746432436
33.46081607877319
19.495411210357567
16.252330807738904
27.87766462546817
35.05935235634916
36.376885473317834
27.777616905433035
30.285375228214804
36.773213140435
42.913647800523655
31.689815668736447
36.88489905243767
29.620196214136232
24.529425940241296
42.79250510343867
30.053929870441433
34.37943372682208
44.40431280454586
24.422707326902756
44.24214029887876
25.900682723523133
17.48109607480393
11.910918123796208
