14.1783699784215
-3.7161052345913568
10.591800665982987
8.982798272673726
10.781767811720288
11.531751673115144
19.399601574890475
5.739819669553119
14.2469802460214
14.917392922670013
12.299805857052124
2.6870079006934926
11.00466538732387
10.621166059724905
16.84041153624226
9.978300070853193
10.90924524822732
29.6944550986048
3.519906226341451
15.458048198008433
16.759814340933993
14.379078801414487
10.233934449884195
8.854267668883887
18.658263033914956
8.27584129617732
19.630722956409862
17.274941146709253
20.74148709846055
22.276806605852073
6.0981117683681205
8.829397749104666
17.030580778507186
17.521407809267956
12.66378083529233
7.652867715432131
17.3816037757476
22.828339402195514
8.819602629798485
15.79817062030736
15.810406646613124
17.15778839768932
12.84100263992057
21.57388145568773
21.343083709431205
17.634463730856762
13.985091048831201
13.079100369210945
20.432888605586232
9.481015375633799
11.221704403036298
18.71867682233804
13.916718830332083
23.072598925389528
8.681491015710083
18.652931813233174
11.065880529999724
11.109773422786489
24.200426845312904
14.517606176405085
7.133887323143938
8.312699740235624
9.739784047837414
20.28562838497036
22.984698661519154
25.343028467265917
11.40474482491678
10.87562684217366
18.818877774432508
23.139260702121938
14.644267013081757
12.377527481694843
2.3230926810150088
9.161611430395388
19.285204328976015
4.213868612393309
5.553238104750548
10.703340123376847
23.99487175465471
14.547463769067145
10.610369506855747
18.2975210770667
8.364115532478774
15.966864734508473
6.847252075297092
24.119299519581325
6.6851749894546
15.63248287721029
14.315545375021665
16.669809078095202
4.574021428975131
5.9502298698583775
2.0553024581982164
14.987702334069175
6.760829971805967
9.937940268802162
18.05806278149052
26.664147748580714
17.38015931726334
20.05372740113109
14.337238406644628
17.25787100104288
7.995076176058047
11.550461955465297
13.300680747506568
11.508192093216605
5.5965722822584585
16.048142104049568
7.579820568518809
12.026456780857687
11.14888976894852
16.159329395738002
13.861882538984489
15.466545562469872
8.774959194601687
20.3608602916702
20.8497107994147
10.299620710804994
14.741335526513407
16.81708157083078
12.863053637564818
17.441322778050598
5.406007455528424
8.323605331146636
20.24148542115929
5.998184782973604
3.737975684363345
14.836238940008496
11.397344003818185
7.511227965952422
3.3226656362203855
23.402646504428162
9.088654321455481
5.503994661390168
14.63195606485531
23.53709927915994
11.326545162864996
10.379148060251936
14.621690554498931
10.70466903167889
15.806526430101592
15.263592485698705
5.584496365996043
17.98182205045501
-6.530960804909153
8.865044605039245
15.779603697225056
19.32658594369213
10.907735238468025
24.820941477063897
10.427955500158204
15.746465959711148
22.732471199027707
17.219728486384383
17.346911478943248
11.995601383176945
7.997790869578045
12.615445391091326
3.225447404583356
14.110392280571645
4.060154740181185
6.23867061183168
10.160237485094934
18.077538941707417
9.195889279163715
14.199314292450284
16.11815644506592
4.298177565373939
6.060353901747865
4.519307375931088
6.204903998280917
12.762043081471454
20.52927626076175
8.847336230628624
12.721573011057353
15.004647398457033
10.31753398275376
5.712187852358255
12.244486036755406
8.802961551086154
-0.3932166917229445
18.050640780967356
8.673778404630696
2.7766243506459922
6.214298224683533
12.408223576897567
23.086794554147257
19.07642248407157
3.939503030282758
22.038241537508625
8.406596259361832
15.482590250836399
16.03335837208477
15.623199318953482
12.756142608230505
6.629162605347238
3.1469882444364643
3.5537289071917613
12.10025408239398
17.547173749211485
15.976836932092253
-4.293566277835069
12.837301266614775
2.6092730026586306
17.15848747065212
1.692255753292951
10.284950240093952
12.668722189524402
5.313335944224573
20.35819387100708
15.165859668964199
18.700457856067466
-2.3570064950031977
17.15522310895396
21.681473035416577
9.698728885067819
14.811408158306849
21.731614275443903
11.961876732999448
6.94115807276225
10.964967505794073
17.7972842139246
9.532218162720717
19.681332326768008
14.881589017815648
12.746956810620805
7.570145514692056
14.031478800250595
16.834191347198363
19.524694299798913
11.539557305053055
5.99357066326675
13.255170201653385
20.95566543503622
19.550396885904117
17.044907170067813
8.341705405155427
19.08849292429194
14.627385971715997
16.46678885228895
11.081736587442583
7.357958398663114
22.68609291916313
11.599149999761845
8.851682234082883
18.447841132747367
12.919482666473328
17.039179760166373
8.967293584206073
21.69394048816512
15.712492351514582
21.89997038848111
8.168090584618334
3.692079112579993
9.711892953499603
22.97696545452208
11.785363729582603
16.550743928529172
12.038565406302052
18.598316535740132
15.883055900592693
6.252324846297409
14.547613832892377
2.747933428472736
15.760953117570441
12.667282538370074
6.846706933769578
11.193408063274163
10.424954215802089
9.438204507492046
13.144598359844688
1.6297411168693863
8.533740831977008
9.514540978058493
19.201663895346265
13.53685360760102
10.248912181643295
11.25859517792742
14.763333449879507
27.432587646771886
11.588802388898243
1.2101951465481662
3.929418658424627
10.995056799027994
6.528792562225737
16.606984017015158
-8.153902517989923
-0.3751411005496905
16.529857074397796
18.62009881540336
9.67880562468938
19.043619356053668
28.705974383910934
11.280623723956742
10.777050624991437
13.571563649144823
5.72699422680823
22.609012636597093
14.129242358388144
9.91541799038298
17.945060983894543
17.246410155038294
6.97758452258934
13.473905986936048
12.94404043348568
27.44977875811899
12.665955857436185
12.447311196989444
16.273636981418417
15.047122753980219
20.523726792344892
15.05690679613469
8.37900336151099
7.421351693001409
10.013661368211048
-1.4648065696119428
16.50684837400383
25.99647480523515
21.54888391966058
12.747199267478255
25.16652811904698
11.917935498543999
11.021520667019772
15.022969683188856
21.884541883349193
7.709795550509656
1.7602972946503126
14.046393676654304
16.98404835731941
21.168989396017437
18.40617162272391
14.729261130765483
20.790459485888622
10.841515364266415
3.4747573719474794
13.449364580371952
1.9411347280590157
16.376154956714238
22.921740466551704
15.774671534749542
10.897248388851729
7.433064562034183
12.424216990545402
3.34000785716659
5.072204037447495
23.406931946442157
10.508072260574687
21.042633119704757
5.152018233083748
9.79466122528087
13.916273998210462
5.359992806592647
3.80293834095213
14.221785784703279
12.147400487375918
24.133841909000694
5.999116366820297
14.679571450300223
14.134338649846086
25.666998620335953
10.517848626377276
9.865154285238338
4.529642687038537
19.06547173714568
15.531603856041944
16.166703563614025
8.397528173007549
-5.1075222520528065
8.868874674340578
19.147860871601814
4.302788138009664
20.925286834857943
8.263053035766152
13.86549977253377
22.52299714835083
15.326308864685378
6.204471000459048
9.522502368104764
16.543472312591877
12.738127321206042
8.724288967726608
19.496728794323303
13.362529533700572
13.833641812822302
16.245163555514452
13.35425609127488
3.372386610465268
8.698255632169168
15.193113492948717
18.442077818346704
5.299718750891729
10.340585597769497
16.775340122588393
18.955461059739818
8.04884443948194
2.8898493758494332
16.661557777918304
17.15351228931671
23.471136225269092
14.230287360475666
3.8267923262457373
9.850626985964066
13.763036915862417
19.481383482381023
12.381565424807846
10.581334390510905
10.871083342383233
10.794759350949523
11.74144946803387
15.32477007518704
16.44226506069629
4.77954693927833
25.928582970236498
13.528971459163879
10.31030167041764
8.923797969056865
10.306706027350694
18.572345746253436
19.45319820643515
14.638745837695225
8.448004617655574
12.67592799397612
2.3052617781788687
14.238572239082261
13.56807926450453
8.77998905235162
20.297966874676504
5.253003568041491
12.159352270525618
10.932855075696722
4.296373389770952
12.015419572658391
24.255969630277512
19.276537817870953
11.991526282293629
18.182721564520424
12.183627709953454
10.95584156037791
12.745452417790606
9.318355219522427
13.363172252848967
10.120982603636875
15.567921654395645
15.178255701635631
23.640805253621345
11.329986463298676
9.315459611307272
6.520023622341876
16.905436646055165
16.532015131283632
22.394574078943645
14.945670747236235
1.129578621638677
14.364083386353185
10.204356550035909
16.461018646201616
3.9034506979993076
8.756813749631265
9.336780781753863
12.148688228925275
21.130240824982657
20.58382359317435
-0.42553687971525456
20.428946462107877
8.754113122449949
0.07578856762921582
7.400233924622507
13.907477489144183
11.707101582076092
11.950804603673024
21.57943832753265
3.1803532926779745
18.211082173040808
15.444413899270243
14.396407379042786
10.450128867580734
7.740320655171201
3.822958771732184
17.693351057437855
4.333416740202663
14.865049226541142
14.769287086330685
18.405639906959955
14.222459042889579
8.517129042703559
8.447615050139753
18.367160878632056
10.23400642110981
23.011360262417085
10.116926334452309
5.567275483817858
17.569378999242733
7.0292142341194035
15.71398031335805
9.489328915646478
7.599578598289208
7.068438821647239
23.19864255158688
17.905988551441393
12.590736535302009
